<?xml version='1.0' encoding='UTF-8'?>
<testsuite hostname="petite" name="scalashop.BlurSuite" tests="6" errors="0" failures="0" time="0.069">
                     <properties>
[...]
</properties>
                     <testcase classname="scalashop.BlurSuite" name="boxBlurKernel should correctly handle radius 0" time="0.018">
                                                 
                                               </testcase><testcase classname="scalashop.BlurSuite" name="boxBlurKernel should return the correct value on an interior pixel of a 3x4 image with radius 1" time="0.002">
                                                 
                                               </testcase><testcase classname="scalashop.BlurSuite" name="blur with radius 1 should correctly blur the entire 3x3 image" time="0.002">
                                                 
                                               </testcase><testcase classname="scalashop.BlurSuite" name="blur with radius 2 should correctly blur the entire 4x3 image" time="0.002">
                                                 
                                               </testcase><testcase classname="scalashop.BlurSuite" name="blur with 32px wide imageshould create 32 tasks" time="0.039">
                                                 
                                               </testcase><testcase classname="scalashop.BlurSuite" name="blur with 32px wide imageshould create 32 tasks" time="0.006">
                                                 
                                               </testcase>
                     <system-out></system-out>
                     <system-err></system-err>
                   </testsuite>